<?xml version="1.0" encoding="UTF-8"?>
<testng-results ignored="0" total="1" passed="1" failed="0" skipped="0">
  <reporter-output>
  </reporter-output>
  <suite started-at="2021-06-24T18:56:37 IST" name="Suite" finished-at="2021-06-24T18:58:26 IST" duration-ms="108377">
    <groups>
    </groups>
    <test started-at="2021-06-24T18:56:37 IST" name="Test" finished-at="2021-06-24T18:58:26 IST" duration-ms="108377">
      <class name="Automation.HomePage">
        <test-method is-config="true" signature="setUp()[pri:0, instance:Automation.HomePage@791d1f8b]" started-at="2021-06-24T18:56:37 IST" name="setUp" finished-at="2021-06-24T18:58:00 IST" duration-ms="82924" status="PASS">
          <reporter-output>
          </reporter-output>
        </test-method> <!-- setUp -->
        <test-method signature="basePage()[pri:0, instance:Automation.HomePage@791d1f8b]" started-at="2021-06-24T18:58:00 IST" name="basePage" finished-at="2021-06-24T18:58:22 IST" duration-ms="21906" status="PASS">
          <reporter-output>
          </reporter-output>
        </test-method> <!-- basePage -->
        <test-method is-config="true" signature="tearDown()[pri:0, instance:Automation.HomePage@791d1f8b]" started-at="2021-06-24T18:58:22 IST" name="tearDown" finished-at="2021-06-24T18:58:26 IST" duration-ms="3441" status="PASS">
          <reporter-output>
          </reporter-output>
        </test-method> <!-- tearDown -->
      </class> <!-- Automation.HomePage -->
    </test> <!-- Test -->
  </suite> <!-- Suite -->
</testng-results>
