<?xml version="1.0" encoding="UTF-8"?>
<testng-results total="1" passed="1" failed="0" skipped="0">
  <reporter-output>
  </reporter-output>
  <suite started-at="2021-07-05T11:15:41Z" name="Suite" finished-at="2021-07-05T11:17:13Z" duration-ms="91805">
    <groups>
      <group name="cucumber">
        <method signature="AbstractTestNGCucumberTests.feature(cucumber.api.testng.CucumberFeatureWrapper)[pri:0, instance:cucumberOptions.testRunner@6253c26]" name="feature" class="cucumber.api.testng.AbstractTestNGCucumberTests"/>
      </group> <!-- cucumber -->
    </groups>
    <test started-at="2021-07-05T11:15:41Z" name="Test" finished-at="2021-07-05T11:17:13Z" duration-ms="91805">
      <class name="cucumberOptions.testRunner">
        <test-method is-config="true" signature="setUpClass()[pri:0, instance:cucumberOptions.testRunner@6253c26]" started-at="2021-07-05T16:45:41Z" name="setUpClass" finished-at="2021-07-05T16:45:42Z" duration-ms="442" status="PASS">
          <reporter-output>
          </reporter-output>
        </test-method> <!-- setUpClass -->
        <test-method signature="feature(cucumber.api.testng.CucumberFeatureWrapper)[pri:0, instance:cucumberOptions.testRunner@6253c26]" started-at="2021-07-05T16:45:42Z" name="feature" description="Runs Cucumber Feature" data-provider="features" finished-at="2021-07-05T16:47:13Z" duration-ms="91067" status="PASS">
          <params>
            <param index="0">
              <value>
                <![CDATA[Login into Application]]>
              </value>
            </param>
          </params>
          <reporter-output>
          </reporter-output>
        </test-method> <!-- feature -->
        <test-method is-config="true" signature="tearDownClass()[pri:0, instance:cucumberOptions.testRunner@6253c26]" started-at="2021-07-05T16:47:13Z" name="tearDownClass" finished-at="2021-07-05T16:47:13Z" duration-ms="117" status="PASS">
          <reporter-output>
          </reporter-output>
        </test-method> <!-- tearDownClass -->
      </class> <!-- cucumberOptions.testRunner -->
    </test> <!-- Test -->
  </suite> <!-- Suite -->
</testng-results>
