<?xml version="1.0" encoding="UTF-8"?>
<testng-results ignored="0" total="1" passed="1" failed="0" skipped="0">
  <reporter-output>
  </reporter-output>
  <suite started-at="2021-07-05T12:14:53 IST" name="Suite" finished-at="2021-07-05T12:16:26 IST" duration-ms="93529">
    <groups>
      <group name="cucumber">
        <method signature="AbstractTestNGCucumberTests.feature(cucumber.api.testng.CucumberFeatureWrapper)[pri:0, instance:cucumberOptions.testRunner@6d2a209c]" name="feature" class="cucumber.api.testng.AbstractTestNGCucumberTests"/>
      </group> <!-- cucumber -->
    </groups>
    <test started-at="2021-07-05T12:14:53 IST" name="Test" finished-at="2021-07-05T12:16:26 IST" duration-ms="93529">
      <class name="cucumberOptions.testRunner">
        <test-method is-config="true" signature="setUpClass()[pri:0, instance:cucumberOptions.testRunner@6d2a209c]" started-at="2021-07-05T12:14:53 IST" name="setUpClass" finished-at="2021-07-05T12:14:53 IST" duration-ms="639" status="PASS">
          <reporter-output>
          </reporter-output>
        </test-method> <!-- setUpClass -->
        <test-method signature="feature(cucumber.api.testng.CucumberFeatureWrapper)[pri:0, instance:cucumberOptions.testRunner@6d2a209c]" started-at="2021-07-05T12:14:53 IST" name="feature" description="Runs Cucumber Feature" data-provider="features" finished-at="2021-07-05T12:16:26 IST" duration-ms="92678" status="PASS">
          <params>
            <param index="0">
              <value>
                <![CDATA[Login into Application]]>
              </value>
            </param>
          </params>
          <reporter-output>
          </reporter-output>
        </test-method> <!-- feature -->
        <test-method is-config="true" signature="tearDownClass()[pri:0, instance:cucumberOptions.testRunner@6d2a209c]" started-at="2021-07-05T12:16:26 IST" name="tearDownClass" finished-at="2021-07-05T12:16:26 IST" duration-ms="16" status="PASS">
          <reporter-output>
          </reporter-output>
        </test-method> <!-- tearDownClass -->
      </class> <!-- cucumberOptions.testRunner -->
    </test> <!-- Test -->
  </suite> <!-- Suite -->
</testng-results>
